<?xml version="1.0" encoding="UTF-8"?>
<!-- Generated by org.testng.reporters.JUnitReportReporter -->
<testsuite hostname="macbook" name="com.ardublock.MainTest" tests="2" failures="0" timestamp="6 Mar 2014 21:19:46 GMT" time="0,002" errors="0">
  <testcase name="testSingleLoop" time="0,001" classname="com.ardublock.MainTest"/>
  <testcase name="testFiles" time="0,001" classname="com.ardublock.MainTest"/>
</testsuite>
